<?xml version="1.0" encoding="UTF-8"?>
<testsuite xmlns:xsi="http://www.w3.org/2001/XMLSchema-instance" xsi:noNamespaceSchemaLocation="https://maven.apache.org/surefire/maven-surefire-plugin/xsd/surefire-test-report.xsd" version="3.0.2" name="com.Project.Cart.Controller.CartControllerTest" time="0.83" tests="8" errors="0" skipped="0" failures="0">
  <properties>
[...]
</properties>
  <testcase name="testAddItemToCart_NegativeFlow_InvalidUserId" classname="com.Project.Cart.Controller.CartControllerTest" time="0.724">
    <system-err><![CDATA[Mockito is currently self-attaching to enable the inline-mock-maker. This will no longer work in future releases of the JDK. Please add Mockito as an agent to your build what is described in Mockito's documentation: https://javadoc.io/doc/org.mockito/mockito-core/latest/org/mockito/Mockito.html#0.3
WARNING: A Java agent has been loaded dynamically (/Users/anirudhbansal/.m2/repository/net/bytebuddy/byte-buddy-agent/1.15.11/byte-buddy-agent-1.15.11.jar)
WARNING: If a serviceability tool is in use, please run with -XX:+EnableDynamicAgentLoading to hide this warning
WARNING: If a serviceability tool is not in use, please run with -Djdk.instrument.traceUsage for more information
WARNING: Dynamic loading of agents will be disallowed by default in a future release
]]></system-err>
  </testcase>
  <testcase name="testGetCart_HappyFlow" classname="com.Project.Cart.Controller.CartControllerTest" time="0.008"/>
  <testcase name="testAddItemToCart_HappyFlow" classname="com.Project.Cart.Controller.CartControllerTest" time="0.003"/>
  <testcase name="testAddItemToCart_NegativeFlow_MemberNotFound" classname="com.Project.Cart.Controller.CartControllerTest" time="0.067">
    <system-out><![CDATA[09:53:41.243 [main] ERROR com.Project.Cart.Controller.CartController -- Member not found: 1
]]></system-out>
  </testcase>
  <testcase name="testAddItemToCart_NegativeFlow_ProductNotFound" classname="com.Project.Cart.Controller.CartControllerTest" time="0.003"/>
  <testcase name="testGetCart_NegativeFlow_EmptyUserId" classname="com.Project.Cart.Controller.CartControllerTest" time="0.002"/>
  <testcase name="testAddItemToCart_NegativeFlow_MissingUserId" classname="com.Project.Cart.Controller.CartControllerTest" time="0.001"/>
  <testcase name="testAddItemToCart_NegativeFlow_MemberNotActive" classname="com.Project.Cart.Controller.CartControllerTest" time="0.002"/>
</testsuite>