<?xml version="1.0" encoding="UTF-8"?>
<testsuite xmlns:xsi="http://www.w3.org/2001/XMLSchema-instance" xsi:noNamespaceSchemaLocation="https://maven.apache.org/surefire/maven-surefire-plugin/xsd/surefire-test-report.xsd" version="3.0.2" name="com.project.Search.Service.Impl.SearchServiceImplTest" time="10.101" tests="10" errors="0" skipped="0" failures="0">
  <properties>
[...]
</properties>
  <testcase name="testGetProductSearch_WithDefaultPagination" classname="SearchServiceImpl Tests" time="8.859">
    <system-out><![CDATA[19:37:07.478 [main] INFO com.project.Search.Service.Impl.SearchServiceImpl -- Searching products with query: laptop
]]></system-out>
  </testcase>
  <testcase name="testListAllProducts_HappyFlow" classname="SearchServiceImpl Tests" time="0.018">
    <system-out><![CDATA[19:37:07.527 [main] INFO com.project.Search.Service.Impl.SearchServiceImpl -- Listing all products with pagination - page: 0, size: 10, sort: name, order: asc
]]></system-out>
  </testcase>
  <testcase name="testGetCategoryDetail_HappyFlow" classname="SearchServiceImpl Tests" time="0.261">
    <system-out><![CDATA[19:37:07.540 [main] INFO com.project.Search.Service.Impl.SearchServiceImpl -- Fetching the Category Detail
]]></system-out>
  </testcase>
  <testcase name="testGetProductSearch_HappyFlow" classname="SearchServiceImpl Tests" time="0.003">
    <system-out><![CDATA[19:37:07.798 [main] INFO com.project.Search.Service.Impl.SearchServiceImpl -- Searching products with query: laptop
]]></system-out>
  </testcase>
  <testcase name="testGetProductDetail_HappyFlow" classname="SearchServiceImpl Tests" time="0.015">
    <system-out><![CDATA[19:37:07.803 [main] INFO com.project.Search.Service.Impl.SearchServiceImpl -- Fetching the product Detail from database for SKU: SKU001
]]></system-out>
  </testcase>
  <testcase name="testListAllProducts_NegativeFlow_NoProducts" classname="SearchServiceImpl Tests" time="0.004">
    <system-out><![CDATA[19:37:07.818 [main] INFO com.project.Search.Service.Impl.SearchServiceImpl -- Listing all products with pagination - page: 0, size: 10, sort: null, order: asc
]]></system-out>
  </testcase>
  <testcase name="testGetProductSearch_NegativeFlow_NoResults" classname="SearchServiceImpl Tests" time="0.008">
    <system-out><![CDATA[19:37:07.828 [main] INFO com.project.Search.Service.Impl.SearchServiceImpl -- Searching products with query: laptop
]]></system-out>
  </testcase>
  <testcase name="testGetCategoryDetail_NegativeFlow_CategoryNotFound" classname="SearchServiceImpl Tests" time="0.017">
    <system-out><![CDATA[19:37:07.848 [main] INFO com.project.Search.Service.Impl.SearchServiceImpl -- Fetching the Category Detail
]]></system-out>
  </testcase>
  <testcase name="testGetProductSearch_WithPrimaryImage" classname="SearchServiceImpl Tests" time="0.006">
    <system-out><![CDATA[19:37:07.855 [main] INFO com.project.Search.Service.Impl.SearchServiceImpl -- Searching products with query: laptop
]]></system-out>
  </testcase>
  <testcase name="testGetProductDetail_NegativeFlow_ProductNotFound" classname="SearchServiceImpl Tests" time="0.009">
    <system-out><![CDATA[19:37:07.860 [main] INFO com.project.Search.Service.Impl.SearchServiceImpl -- Fetching the product Detail from database for SKU: INVALID_SKU
19:37:07.860 [main] WARN com.project.Search.Service.Impl.SearchServiceImpl -- Product not found for SKU: INVALID_SKU
]]></system-out>
  </testcase>
</testsuite>